Arguments: 
  /usr/local/Cellar/node@12/12.14.0/bin/node /Users/cschleiden/.yarn/bin/yarn.js

PATH: 
  /Users/cschleiden/.rvm/gems/ruby-2.6.3/bin:/Users/cschleiden/.rvm/gems/ruby-2.6.3@global/bin:/Users/cschleiden/.rvm/rubies/ruby-2.6.3/bin:/Users/cschleiden/.yarn/bin:/Users/cschleiden/.config/yarn/global/node_modules/.bin:/usr/local/opt/node@12/bin:/Users/cschleiden/go/bin:/usr/local/bin:/usr/bin:/bin:/usr/sbin:/sbin:/usr/local/share/dotnet:~/.dotnet/tools:/Library/Apple/usr/bin:/Library/Frameworks/Mono.framework/Versions/Current/Commands:/Users/cschleiden/.rvm/gems/ruby-2.6.3/bin:/Users/cschleiden/.rvm/gems/ruby-2.6.3@global/bin:/Users/cschleiden/.rvm/rubies/ruby-2.6.3/bin:/Users/cschleiden/.yarn/bin:/Users/cschleiden/.config/yarn/global/node_modules/.bin:/usr/local/opt/node@12/bin:/Users/cschleiden/go/bin:/Users/cschleiden/.dotnet/tools:/Users/cschleiden/.rvm/bin:/Users/cschleiden/.dotnet/tools

Yarn version: 
  1.22.4

Node version: 
  12.14.0

Platform: 
  darwin x64

Trace: 
  Error: https://registry.yarnpkg.com/github-actions-interpreter: Not found
      at Request.params.callback [as _callback] (/Users/cschleiden/.yarn/lib/cli.js:66987:18)
      at Request.self.callback (/Users/cschleiden/.yarn/lib/cli.js:140748:22)
      at Request.emit (events.js:210:5)
      at Request.<anonymous> (/Users/cschleiden/.yarn/lib/cli.js:141720:10)
      at Request.emit (events.js:210:5)
      at IncomingMessage.<anonymous> (/Users/cschleiden/.yarn/lib/cli.js:141642:12)
      at Object.onceWrapper (events.js:299:28)
      at IncomingMessage.emit (events.js:215:7)
      at endReadableNT (_stream_readable.js:1184:12)
      at processTicksAndRejections (internal/process/task_queues.js:80:21)

npm manifest: 
  {
    "name": "github-actions-hero",
    "version": "0.5.0",
    "scripts": {
      "dev": "next",
      "build": "next build",
      "start": "next start"
    },
    "dependencies": {
      "@primer/components": "18.1.0",
      "@primer/octicons-v2-react": "0.0.0-dd899ea",
      "codemirror": "^5.53.2",
      "codemirror-github-dark": "^0.4.1",
      "github-actions-interpreter": "0.5.0",
      "github-markdown-css": "^4.0.0",
      "lz-string": "^1.4.4",
      "next": "^9.4.0",
      "react": "16.13.1",
      "react-codemirror2": "^7.1.0",
      "react-dom": "16.13.1",
      "react-ga": "^2.7.0",
      "react-markdown": "^4.3.1",
      "react-syntax-highlighter": "^12.2.1",
      "styled-components": "^5.1.0",
      "tailwindcss": "^1.3.4"
    },
    "devDependencies": {
      "next-transpile-modules": "^3.3.0"
    }
  }

yarn manifest: 
  No manifest

Lockfile: 
  No lockfile
